[     136ms] [WARNING] <meta name="apple-mobile-web-app-capable" content="yes"> is deprecated. Please include <meta name="mobile-web-app-capable" content="yes"> @ http://localhost:4321/places:0
[     139ms] [INFO] %cDownload the React DevTools for a better development experience: https://react.dev/link/react-devtools font-weight:bold @ http://localhost:4321/node_modules/.vite/deps/chunk-COG5TVXY.js?v=81dd334a:20102
[   29257ms] [WARNING] <meta name="apple-mobile-web-app-capable" content="yes"> is deprecated. Please include <meta name="mobile-web-app-capable" content="yes"> @ http://localhost:4321/places:0
[   29260ms] [INFO] %cDownload the React DevTools for a better development experience: https://react.dev/link/react-devtools font-weight:bold @ http://localhost:4321/node_modules/.vite/deps/chunk-COG5TVXY.js?v=81dd334a:20102
[   31453ms] [INFO] %cDownload the React DevTools for a better development experience: https://react.dev/link/react-devtools font-weight:bold @ http://localhost:4321/node_modules/.vite/deps/chunk-COG5TVXY.js?v=81dd334a:20102
[   31508ms] [WARNING] <meta name="apple-mobile-web-app-capable" content="yes"> is deprecated. Please include <meta name="mobile-web-app-capable" content="yes"> @ http://localhost:4321/places:0
[  203221ms] [WARNING] <meta name="apple-mobile-web-app-capable" content="yes"> is deprecated. Please include <meta name="mobile-web-app-capable" content="yes"> @ http://localhost:4321/places:0
[  203271ms] [INFO] %cDownload the React DevTools for a better development experience: https://react.dev/link/react-devtools font-weight:bold @ http://localhost:4321/node_modules/.vite/deps/chunk-COG5TVXY.js?v=81dd334a:20102
[  233259ms] [WARNING] <meta name="apple-mobile-web-app-capable" content="yes"> is deprecated. Please include <meta name="mobile-web-app-capable" content="yes"> @ http://localhost:4321/places:0
[  233260ms] [INFO] %cDownload the React DevTools for a better development experience: https://react.dev/link/react-devtools font-weight:bold @ http://localhost:4321/node_modules/.vite/deps/chunk-COG5TVXY.js?v=81dd334a:20102
[  242192ms] [INFO] %cDownload the React DevTools for a better development experience: https://react.dev/link/react-devtools font-weight:bold @ http://localhost:4321/node_modules/.vite/deps/chunk-COG5TVXY.js?v=81dd334a:20102
[  242210ms] [WARNING] <meta name="apple-mobile-web-app-capable" content="yes"> is deprecated. Please include <meta name="mobile-web-app-capable" content="yes"> @ http://localhost:4321/places:0
[  242901ms] [LOG] [vite] server connection lost. Polling for restart... @ http://localhost:4321/@vite/client:1596
[  244212ms] [INFO] %cDownload the React DevTools for a better development experience: https://react.dev/link/react-devtools font-weight:bold @ http://localhost:4321/node_modules/.vite/deps/chunk-COG5TVXY.js?v=96507cd4:20102
[  244313ms] [WARNING] <meta name="apple-mobile-web-app-capable" content="yes"> is deprecated. Please include <meta name="mobile-web-app-capable" content="yes"> @ http://localhost:4321/places:0
[  244546ms] [WARNING] <meta name="apple-mobile-web-app-capable" content="yes"> is deprecated. Please include <meta name="mobile-web-app-capable" content="yes"> @ http://localhost:4321/places:0
[  244557ms] [INFO] %cDownload the React DevTools for a better development experience: https://react.dev/link/react-devtools font-weight:bold @ http://localhost:4321/node_modules/.vite/deps/chunk-COG5TVXY.js?v=91d7d601:20102
[  263011ms] [WARNING] <meta name="apple-mobile-web-app-capable" content="yes"> is deprecated. Please include <meta name="mobile-web-app-capable" content="yes"> @ http://localhost:4321/places:0
[  263021ms] [INFO] %cDownload the React DevTools for a better development experience: https://react.dev/link/react-devtools font-weight:bold @ http://localhost:4321/node_modules/.vite/deps/chunk-COG5TVXY.js?v=91d7d601:20102
[  293099ms] [ERROR] WebSocket connection to 'ws://localhost:4321/?token=dWJnD4cqeMdA' failed:  @ http://localhost:4321/@vite/client:1476
[  293099ms] [LOG] [vite] server connection lost. Polling for restart... @ http://localhost:4321/@vite/client:1596
[  388151ms] [INFO] %cDownload the React DevTools for a better development experience: https://react.dev/link/react-devtools font-weight:bold @ http://localhost:4321/node_modules/.vite/deps/chunk-COG5TVXY.js?v=59275b39:20102
[  388189ms] [WARNING] <meta name="apple-mobile-web-app-capable" content="yes"> is deprecated. Please include <meta name="mobile-web-app-capable" content="yes"> @ http://localhost:4321/places:0
[  430278ms] [WARNING] <meta name="apple-mobile-web-app-capable" content="yes"> is deprecated. Please include <meta name="mobile-web-app-capable" content="yes"> @ http://localhost:4321/places:0
[  430323ms] [INFO] %cDownload the React DevTools for a better development experience: https://react.dev/link/react-devtools font-weight:bold @ http://localhost:4321/node_modules/.vite/deps/chunk-COG5TVXY.js?v=5e33e20a:20102
[  495831ms] [WARNING] <meta name="apple-mobile-web-app-capable" content="yes"> is deprecated. Please include <meta name="mobile-web-app-capable" content="yes"> @ http://localhost:4321/places:0
[  495832ms] [INFO] %cDownload the React DevTools for a better development experience: https://react.dev/link/react-devtools font-weight:bold @ http://localhost:4321/node_modules/.vite/deps/chunk-COG5TVXY.js?v=5e33e20a:20102
[ 1107243ms] [ERROR] WebSocket connection to 'ws://localhost:4321/?token=L12b-btYiiCR' failed:  @ http://localhost:4321/@vite/client:1476
[ 1107243ms] [LOG] [vite] server connection lost. Polling for restart... @ http://localhost:4321/@vite/client:1596
[ 1180870ms] [INFO] %cDownload the React DevTools for a better development experience: https://react.dev/link/react-devtools font-weight:bold @ http://localhost:4321/node_modules/.vite/deps/chunk-COG5TVXY.js?v=92d53198:20102
[ 1180907ms] [WARNING] <meta name="apple-mobile-web-app-capable" content="yes"> is deprecated. Please include <meta name="mobile-web-app-capable" content="yes"> @ http://localhost:4321/places:0
[ 2228758ms] [WARNING] <meta name="apple-mobile-web-app-capable" content="yes"> is deprecated. Please include <meta name="mobile-web-app-capable" content="yes"> @ http://localhost:4321/places:0
[ 2228775ms] [INFO] %cDownload the React DevTools for a better development experience: https://react.dev/link/react-devtools font-weight:bold @ http://localhost:4321/node_modules/.vite/deps/chunk-COG5TVXY.js?v=5e33e20a:20102
[ 2228957ms] [WARNING] <meta name="apple-mobile-web-app-capable" content="yes"> is deprecated. Please include <meta name="mobile-web-app-capable" content="yes"> @ http://localhost:4321/places:0
[ 2228958ms] [INFO] %cDownload the React DevTools for a better development experience: https://react.dev/link/react-devtools font-weight:bold @ http://localhost:4321/node_modules/.vite/deps/chunk-COG5TVXY.js?v=5e33e20a:20102
[ 2234222ms] [WARNING] <meta name="apple-mobile-web-app-capable" content="yes"> is deprecated. Please include <meta name="mobile-web-app-capable" content="yes"> @ http://localhost:4321/places:0
[ 2234223ms] [INFO] %cDownload the React DevTools for a better development experience: https://react.dev/link/react-devtools font-weight:bold @ http://localhost:4321/node_modules/.vite/deps/chunk-COG5TVXY.js?v=5e33e20a:20102
[ 2240132ms] [WARNING] <meta name="apple-mobile-web-app-capable" content="yes"> is deprecated. Please include <meta name="mobile-web-app-capable" content="yes"> @ http://localhost:4321/places:0
[ 2240135ms] [INFO] %cDownload the React DevTools for a better development experience: https://react.dev/link/react-devtools font-weight:bold @ http://localhost:4321/node_modules/.vite/deps/chunk-COG5TVXY.js?v=5e33e20a:20102
[ 2243082ms] [WARNING] <meta name="apple-mobile-web-app-capable" content="yes"> is deprecated. Please include <meta name="mobile-web-app-capable" content="yes"> @ http://localhost:4321/places:0
[ 2243086ms] [INFO] %cDownload the React DevTools for a better development experience: https://react.dev/link/react-devtools font-weight:bold @ http://localhost:4321/node_modules/.vite/deps/chunk-COG5TVXY.js?v=5e33e20a:20102
[ 2243480ms] [LOG] [vite] server connection lost. Polling for restart... @ http://localhost:4321/@vite/client:1596
[ 2244750ms] [INFO] %cDownload the React DevTools for a better development experience: https://react.dev/link/react-devtools font-weight:bold @ http://localhost:4321/node_modules/.vite/deps/chunk-COG5TVXY.js?v=cabd4277:20102
[ 2244846ms] [WARNING] <meta name="apple-mobile-web-app-capable" content="yes"> is deprecated. Please include <meta name="mobile-web-app-capable" content="yes"> @ http://localhost:4321/places:0
[ 2244976ms] [WARNING] <meta name="apple-mobile-web-app-capable" content="yes"> is deprecated. Please include <meta name="mobile-web-app-capable" content="yes"> @ http://localhost:4321/places:0
[ 2245008ms] [INFO] %cDownload the React DevTools for a better development experience: https://react.dev/link/react-devtools font-weight:bold @ http://localhost:4321/node_modules/.vite/deps/chunk-COG5TVXY.js?v=395e82a7:20102
[ 3567712ms] [LOG] [vite] server connection lost. Polling for restart... @ http://localhost:4321/@vite/client:1596
[ 3568904ms] [WARNING] <meta name="apple-mobile-web-app-capable" content="yes"> is deprecated. Please include <meta name="mobile-web-app-capable" content="yes"> @ http://localhost:4321/places:0
[ 3568933ms] [INFO] %cDownload the React DevTools for a better development experience: https://react.dev/link/react-devtools font-weight:bold @ http://localhost:4321/node_modules/.vite/deps/chunk-COG5TVXY.js?v=82ff596a:20102
[ 3729472ms] [WARNING] <meta name="apple-mobile-web-app-capable" content="yes"> is deprecated. Please include <meta name="mobile-web-app-capable" content="yes"> @ http://localhost:4321/places:0
[ 3729479ms] [INFO] %cDownload the React DevTools for a better development experience: https://react.dev/link/react-devtools font-weight:bold @ http://localhost:4321/node_modules/.vite/deps/chunk-COG5TVXY.js?v=82ff596a:20102
[ 4591986ms] [WARNING] <meta name="apple-mobile-web-app-capable" content="yes"> is deprecated. Please include <meta name="mobile-web-app-capable" content="yes"> @ http://localhost:4321/places:0
[ 4591998ms] [INFO] %cDownload the React DevTools for a better development experience: https://react.dev/link/react-devtools font-weight:bold @ http://localhost:4321/node_modules/.vite/deps/chunk-COG5TVXY.js?v=82ff596a:20102
[ 4592547ms] [WARNING] <meta name="apple-mobile-web-app-capable" content="yes"> is deprecated. Please include <meta name="mobile-web-app-capable" content="yes"> @ http://localhost:4321/places:0
[ 4592570ms] [INFO] %cDownload the React DevTools for a better development experience: https://react.dev/link/react-devtools font-weight:bold @ http://localhost:4321/node_modules/.vite/deps/chunk-COG5TVXY.js?v=82ff596a:20102
[ 4594877ms] [WARNING] <meta name="apple-mobile-web-app-capable" content="yes"> is deprecated. Please include <meta name="mobile-web-app-capable" content="yes"> @ http://localhost:4321/places:0
[ 4594882ms] [INFO] %cDownload the React DevTools for a better development experience: https://react.dev/link/react-devtools font-weight:bold @ http://localhost:4321/node_modules/.vite/deps/chunk-COG5TVXY.js?v=82ff596a:20102
[ 4598144ms] [WARNING] <meta name="apple-mobile-web-app-capable" content="yes"> is deprecated. Please include <meta name="mobile-web-app-capable" content="yes"> @ http://localhost:4321/places:0
[ 4598152ms] [INFO] %cDownload the React DevTools for a better development experience: https://react.dev/link/react-devtools font-weight:bold @ http://localhost:4321/node_modules/.vite/deps/chunk-COG5TVXY.js?v=82ff596a:20102
[ 4606563ms] [WARNING] <meta name="apple-mobile-web-app-capable" content="yes"> is deprecated. Please include <meta name="mobile-web-app-capable" content="yes"> @ http://localhost:4321/places:0
[ 4606564ms] [INFO] %cDownload the React DevTools for a better development experience: https://react.dev/link/react-devtools font-weight:bold @ http://localhost:4321/node_modules/.vite/deps/chunk-COG5TVXY.js?v=82ff596a:20102
[ 4608072ms] [WARNING] <meta name="apple-mobile-web-app-capable" content="yes"> is deprecated. Please include <meta name="mobile-web-app-capable" content="yes"> @ http://localhost:4321/places:0
[ 4608076ms] [INFO] %cDownload the React DevTools for a better development experience: https://react.dev/link/react-devtools font-weight:bold @ http://localhost:4321/node_modules/.vite/deps/chunk-COG5TVXY.js?v=82ff596a:20102
[ 4609474ms] [WARNING] <meta name="apple-mobile-web-app-capable" content="yes"> is deprecated. Please include <meta name="mobile-web-app-capable" content="yes"> @ http://localhost:4321/places:0
[ 4609482ms] [INFO] %cDownload the React DevTools for a better development experience: https://react.dev/link/react-devtools font-weight:bold @ http://localhost:4321/node_modules/.vite/deps/chunk-COG5TVXY.js?v=82ff596a:20102
[ 4611388ms] [WARNING] <meta name="apple-mobile-web-app-capable" content="yes"> is deprecated. Please include <meta name="mobile-web-app-capable" content="yes"> @ http://localhost:4321/places:0
[ 4611393ms] [INFO] %cDownload the React DevTools for a better development experience: https://react.dev/link/react-devtools font-weight:bold @ http://localhost:4321/node_modules/.vite/deps/chunk-COG5TVXY.js?v=82ff596a:20102
[ 4613565ms] [WARNING] <meta name="apple-mobile-web-app-capable" content="yes"> is deprecated. Please include <meta name="mobile-web-app-capable" content="yes"> @ http://localhost:4321/places:0
[ 4613571ms] [INFO] %cDownload the React DevTools for a better development experience: https://react.dev/link/react-devtools font-weight:bold @ http://localhost:4321/node_modules/.vite/deps/chunk-COG5TVXY.js?v=82ff596a:20102
[ 5102243ms] [WARNING] <meta name="apple-mobile-web-app-capable" content="yes"> is deprecated. Please include <meta name="mobile-web-app-capable" content="yes"> @ http://localhost:4321/places:0
[ 5102250ms] [INFO] %cDownload the React DevTools for a better development experience: https://react.dev/link/react-devtools font-weight:bold @ http://localhost:4321/node_modules/.vite/deps/chunk-COG5TVXY.js?v=82ff596a:20102
[ 5103613ms] [WARNING] <meta name="apple-mobile-web-app-capable" content="yes"> is deprecated. Please include <meta name="mobile-web-app-capable" content="yes"> @ http://localhost:4321/places:0
[ 5103615ms] [INFO] %cDownload the React DevTools for a better development experience: https://react.dev/link/react-devtools font-weight:bold @ http://localhost:4321/node_modules/.vite/deps/chunk-COG5TVXY.js?v=82ff596a:20102
[ 5105444ms] [WARNING] <meta name="apple-mobile-web-app-capable" content="yes"> is deprecated. Please include <meta name="mobile-web-app-capable" content="yes"> @ http://localhost:4321/places:0
[ 5105450ms] [INFO] %cDownload the React DevTools for a better development experience: https://react.dev/link/react-devtools font-weight:bold @ http://localhost:4321/node_modules/.vite/deps/chunk-COG5TVXY.js?v=82ff596a:20102
[ 5108110ms] [WARNING] <meta name="apple-mobile-web-app-capable" content="yes"> is deprecated. Please include <meta name="mobile-web-app-capable" content="yes"> @ http://localhost:4321/places:0
[ 5108113ms] [INFO] %cDownload the React DevTools for a better development experience: https://react.dev/link/react-devtools font-weight:bold @ http://localhost:4321/node_modules/.vite/deps/chunk-COG5TVXY.js?v=82ff596a:20102
[ 5120831ms] [WARNING] <meta name="apple-mobile-web-app-capable" content="yes"> is deprecated. Please include <meta name="mobile-web-app-capable" content="yes"> @ http://localhost:4321/places:0
[ 5120835ms] [INFO] %cDownload the React DevTools for a better development experience: https://react.dev/link/react-devtools font-weight:bold @ http://localhost:4321/node_modules/.vite/deps/chunk-COG5TVXY.js?v=82ff596a:20102
[ 5123469ms] [WARNING] <meta name="apple-mobile-web-app-capable" content="yes"> is deprecated. Please include <meta name="mobile-web-app-capable" content="yes"> @ http://localhost:4321/places:0
[ 5123470ms] [INFO] %cDownload the React DevTools for a better development experience: https://react.dev/link/react-devtools font-weight:bold @ http://localhost:4321/node_modules/.vite/deps/chunk-COG5TVXY.js?v=82ff596a:20102
[ 5126512ms] [WARNING] <meta name="apple-mobile-web-app-capable" content="yes"> is deprecated. Please include <meta name="mobile-web-app-capable" content="yes"> @ http://localhost:4321/places:0
[ 5126512ms] [INFO] %cDownload the React DevTools for a better development experience: https://react.dev/link/react-devtools font-weight:bold @ http://localhost:4321/node_modules/.vite/deps/chunk-COG5TVXY.js?v=82ff596a:20102
[ 5130939ms] [WARNING] <meta name="apple-mobile-web-app-capable" content="yes"> is deprecated. Please include <meta name="mobile-web-app-capable" content="yes"> @ http://localhost:4321/places:0
[ 5130947ms] [INFO] %cDownload the React DevTools for a better development experience: https://react.dev/link/react-devtools font-weight:bold @ http://localhost:4321/node_modules/.vite/deps/chunk-COG5TVXY.js?v=82ff596a:20102
[ 5134535ms] [WARNING] <meta name="apple-mobile-web-app-capable" content="yes"> is deprecated. Please include <meta name="mobile-web-app-capable" content="yes"> @ http://localhost:4321/places:0
[ 5134539ms] [INFO] %cDownload the React DevTools for a better development experience: https://react.dev/link/react-devtools font-weight:bold @ http://localhost:4321/node_modules/.vite/deps/chunk-COG5TVXY.js?v=82ff596a:20102
[ 5136237ms] [WARNING] <meta name="apple-mobile-web-app-capable" content="yes"> is deprecated. Please include <meta name="mobile-web-app-capable" content="yes"> @ http://localhost:4321/places:0
[ 5136241ms] [INFO] %cDownload the React DevTools for a better development experience: https://react.dev/link/react-devtools font-weight:bold @ http://localhost:4321/node_modules/.vite/deps/chunk-COG5TVXY.js?v=82ff596a:20102
[ 5139050ms] [WARNING] <meta name="apple-mobile-web-app-capable" content="yes"> is deprecated. Please include <meta name="mobile-web-app-capable" content="yes"> @ http://localhost:4321/places:0
[ 5139052ms] [INFO] %cDownload the React DevTools for a better development experience: https://react.dev/link/react-devtools font-weight:bold @ http://localhost:4321/node_modules/.vite/deps/chunk-COG5TVXY.js?v=82ff596a:20102
[ 5140856ms] [WARNING] <meta name="apple-mobile-web-app-capable" content="yes"> is deprecated. Please include <meta name="mobile-web-app-capable" content="yes"> @ http://localhost:4321/places:0
[ 5140857ms] [INFO] %cDownload the React DevTools for a better development experience: https://react.dev/link/react-devtools font-weight:bold @ http://localhost:4321/node_modules/.vite/deps/chunk-COG5TVXY.js?v=82ff596a:20102
[ 5153117ms] [WARNING] <meta name="apple-mobile-web-app-capable" content="yes"> is deprecated. Please include <meta name="mobile-web-app-capable" content="yes"> @ http://localhost:4321/places:0
[ 5153118ms] [INFO] %cDownload the React DevTools for a better development experience: https://react.dev/link/react-devtools font-weight:bold @ http://localhost:4321/node_modules/.vite/deps/chunk-COG5TVXY.js?v=82ff596a:20102
[ 5539906ms] [WARNING] <meta name="apple-mobile-web-app-capable" content="yes"> is deprecated. Please include <meta name="mobile-web-app-capable" content="yes"> @ http://localhost:4321/places:0
[ 5539908ms] [INFO] %cDownload the React DevTools for a better development experience: https://react.dev/link/react-devtools font-weight:bold @ http://localhost:4321/node_modules/.vite/deps/chunk-COG5TVXY.js?v=82ff596a:20102
[ 5542435ms] [WARNING] <meta name="apple-mobile-web-app-capable" content="yes"> is deprecated. Please include <meta name="mobile-web-app-capable" content="yes"> @ http://localhost:4321/places:0
[ 5542441ms] [INFO] %cDownload the React DevTools for a better development experience: https://react.dev/link/react-devtools font-weight:bold @ http://localhost:4321/node_modules/.vite/deps/chunk-COG5TVXY.js?v=82ff596a:20102
[ 5545803ms] [WARNING] <meta name="apple-mobile-web-app-capable" content="yes"> is deprecated. Please include <meta name="mobile-web-app-capable" content="yes"> @ http://localhost:4321/places:0
[ 5545810ms] [INFO] %cDownload the React DevTools for a better development experience: https://react.dev/link/react-devtools font-weight:bold @ http://localhost:4321/node_modules/.vite/deps/chunk-COG5TVXY.js?v=82ff596a:20102
[ 5548903ms] [WARNING] <meta name="apple-mobile-web-app-capable" content="yes"> is deprecated. Please include <meta name="mobile-web-app-capable" content="yes"> @ http://localhost:4321/places:0
[ 5548907ms] [INFO] %cDownload the React DevTools for a better development experience: https://react.dev/link/react-devtools font-weight:bold @ http://localhost:4321/node_modules/.vite/deps/chunk-COG5TVXY.js?v=82ff596a:20102
[ 5552297ms] [INFO] %cDownload the React DevTools for a better development experience: https://react.dev/link/react-devtools font-weight:bold @ http://localhost:4321/node_modules/.vite/deps/chunk-COG5TVXY.js?v=82ff596a:20102
[ 5552297ms] [WARNING] <meta name="apple-mobile-web-app-capable" content="yes"> is deprecated. Please include <meta name="mobile-web-app-capable" content="yes"> @ http://localhost:4321/places:0
[ 5553850ms] [WARNING] <meta name="apple-mobile-web-app-capable" content="yes"> is deprecated. Please include <meta name="mobile-web-app-capable" content="yes"> @ http://localhost:4321/places:0
[ 5553851ms] [INFO] %cDownload the React DevTools for a better development experience: https://react.dev/link/react-devtools font-weight:bold @ http://localhost:4321/node_modules/.vite/deps/chunk-COG5TVXY.js?v=82ff596a:20102
[ 5554930ms] [WARNING] <meta name="apple-mobile-web-app-capable" content="yes"> is deprecated. Please include <meta name="mobile-web-app-capable" content="yes"> @ http://localhost:4321/places:0
[ 5554933ms] [INFO] %cDownload the React DevTools for a better development experience: https://react.dev/link/react-devtools font-weight:bold @ http://localhost:4321/node_modules/.vite/deps/chunk-COG5TVXY.js?v=82ff596a:20102
[ 7366001ms] [LOG] [vite] server connection lost. Polling for restart... @ http://localhost:4321/@vite/client:1596
[ 8585876ms] [INFO] %cDownload the React DevTools for a better development experience: https://react.dev/link/react-devtools font-weight:bold @ http://localhost:4321/node_modules/.vite/deps/chunk-COG5TVXY.js?v=729616ab:20102
[ 8585915ms] [WARNING] <meta name="apple-mobile-web-app-capable" content="yes"> is deprecated. Please include <meta name="mobile-web-app-capable" content="yes"> @ http://localhost:4321/places:0
[ 8673046ms] [WARNING] <meta name="apple-mobile-web-app-capable" content="yes"> is deprecated. Please include <meta name="mobile-web-app-capable" content="yes"> @ http://localhost:4321/places:0
[ 8673130ms] [INFO] %cDownload the React DevTools for a better development experience: https://react.dev/link/react-devtools font-weight:bold @ http://localhost:4321/node_modules/.vite/deps/chunk-COG5TVXY.js?v=3f15872a:20102
[ 8673718ms] [LOG] [vite] server connection lost. Polling for restart... @ http://localhost:4321/@vite/client:1596
[ 8674048ms] [INFO] %cDownload the React DevTools for a better development experience: https://react.dev/link/react-devtools font-weight:bold @ http://localhost:4321/node_modules/.vite/deps/chunk-COG5TVXY.js?v=a45e9dc6:20102
[ 8674128ms] [WARNING] <meta name="apple-mobile-web-app-capable" content="yes"> is deprecated. Please include <meta name="mobile-web-app-capable" content="yes"> @ http://localhost:4321/places:0
[ 8674272ms] [WARNING] <meta name="apple-mobile-web-app-capable" content="yes"> is deprecated. Please include <meta name="mobile-web-app-capable" content="yes"> @ http://localhost:4321/places:0
[ 8674297ms] [INFO] %cDownload the React DevTools for a better development experience: https://react.dev/link/react-devtools font-weight:bold @ http://localhost:4321/node_modules/.vite/deps/chunk-COG5TVXY.js?v=395e82a7:20102
[ 8685497ms] [WARNING] <meta name="apple-mobile-web-app-capable" content="yes"> is deprecated. Please include <meta name="mobile-web-app-capable" content="yes"> @ http://localhost:4321/places:0
[ 8685498ms] [INFO] %cDownload the React DevTools for a better development experience: https://react.dev/link/react-devtools font-weight:bold @ http://localhost:4321/node_modules/.vite/deps/chunk-COG5TVXY.js?v=395e82a7:20102
[ 8705714ms] [WARNING] <meta name="apple-mobile-web-app-capable" content="yes"> is deprecated. Please include <meta name="mobile-web-app-capable" content="yes"> @ http://localhost:4321/places:0
[ 8705715ms] [INFO] %cDownload the React DevTools for a better development experience: https://react.dev/link/react-devtools font-weight:bold @ http://localhost:4321/node_modules/.vite/deps/chunk-COG5TVXY.js?v=395e82a7:20102
[ 8707836ms] [WARNING] <meta name="apple-mobile-web-app-capable" content="yes"> is deprecated. Please include <meta name="mobile-web-app-capable" content="yes"> @ http://localhost:4321/places:0
[ 8707839ms] [INFO] %cDownload the React DevTools for a better development experience: https://react.dev/link/react-devtools font-weight:bold @ http://localhost:4321/node_modules/.vite/deps/chunk-COG5TVXY.js?v=395e82a7:20102
[ 8709452ms] [WARNING] <meta name="apple-mobile-web-app-capable" content="yes"> is deprecated. Please include <meta name="mobile-web-app-capable" content="yes"> @ http://localhost:4321/places:0
[ 8709458ms] [INFO] %cDownload the React DevTools for a better development experience: https://react.dev/link/react-devtools font-weight:bold @ http://localhost:4321/node_modules/.vite/deps/chunk-COG5TVXY.js?v=395e82a7:20102
[ 8714923ms] [WARNING] <meta name="apple-mobile-web-app-capable" content="yes"> is deprecated. Please include <meta name="mobile-web-app-capable" content="yes"> @ http://localhost:4321/places:0
[ 8714924ms] [INFO] %cDownload the React DevTools for a better development experience: https://react.dev/link/react-devtools font-weight:bold @ http://localhost:4321/node_modules/.vite/deps/chunk-COG5TVXY.js?v=395e82a7:20102
[ 8736232ms] [WARNING] <meta name="apple-mobile-web-app-capable" content="yes"> is deprecated. Please include <meta name="mobile-web-app-capable" content="yes"> @ http://localhost:4321/places:0
[ 8736233ms] [INFO] %cDownload the React DevTools for a better development experience: https://react.dev/link/react-devtools font-weight:bold @ http://localhost:4321/node_modules/.vite/deps/chunk-COG5TVXY.js?v=395e82a7:20102
[ 8736664ms] [LOG] [vite] server connection lost. Polling for restart... @ http://localhost:4321/@vite/client:1596
[ 8737908ms] [WARNING] <meta name="apple-mobile-web-app-capable" content="yes"> is deprecated. Please include <meta name="mobile-web-app-capable" content="yes"> @ http://localhost:4321/places:0
[ 8737925ms] [INFO] %cDownload the React DevTools for a better development experience: https://react.dev/link/react-devtools font-weight:bold @ http://localhost:4321/node_modules/.vite/deps/chunk-COG5TVXY.js?v=12fca73e:20102
[ 8749791ms] [WARNING] <meta name="apple-mobile-web-app-capable" content="yes"> is deprecated. Please include <meta name="mobile-web-app-capable" content="yes"> @ http://localhost:4321/places:0
[ 8749792ms] [INFO] %cDownload the React DevTools for a better development experience: https://react.dev/link/react-devtools font-weight:bold @ http://localhost:4321/node_modules/.vite/deps/chunk-COG5TVXY.js?v=12fca73e:20102
[ 8752238ms] [WARNING] <meta name="apple-mobile-web-app-capable" content="yes"> is deprecated. Please include <meta name="mobile-web-app-capable" content="yes"> @ http://localhost:4321/places:0
[ 8752241ms] [INFO] %cDownload the React DevTools for a better development experience: https://react.dev/link/react-devtools font-weight:bold @ http://localhost:4321/node_modules/.vite/deps/chunk-COG5TVXY.js?v=12fca73e:20102
[ 8754767ms] [WARNING] <meta name="apple-mobile-web-app-capable" content="yes"> is deprecated. Please include <meta name="mobile-web-app-capable" content="yes"> @ http://localhost:4321/places:0
[ 8754770ms] [INFO] %cDownload the React DevTools for a better development experience: https://react.dev/link/react-devtools font-weight:bold @ http://localhost:4321/node_modules/.vite/deps/chunk-COG5TVXY.js?v=12fca73e:20102
[ 8758107ms] [WARNING] <meta name="apple-mobile-web-app-capable" content="yes"> is deprecated. Please include <meta name="mobile-web-app-capable" content="yes"> @ http://localhost:4321/places:0
[ 8758112ms] [INFO] %cDownload the React DevTools for a better development experience: https://react.dev/link/react-devtools font-weight:bold @ http://localhost:4321/node_modules/.vite/deps/chunk-COG5TVXY.js?v=12fca73e:20102
[ 9691823ms] [WARNING] <meta name="apple-mobile-web-app-capable" content="yes"> is deprecated. Please include <meta name="mobile-web-app-capable" content="yes"> @ http://localhost:4321/places:0
[ 9691830ms] [INFO] %cDownload the React DevTools for a better development experience: https://react.dev/link/react-devtools font-weight:bold @ http://localhost:4321/node_modules/.vite/deps/chunk-COG5TVXY.js?v=12fca73e:20102
